<?xml version="1.0" encoding="UTF-8"?>
<!-- Generated by org.testng.reporters.JUnitReportReporter -->
<testsuite hostname="EC2AMAZ-8KL45D2" failures="0" tests="3" name="com.assaignments.Assignment1" time="1.681" errors="0" timestamp="2024-09-25T03:21:00 UTC" skipped="0">
  <testcase classname="com.assaignments.Assignment1" name="Create_Order" time="0.518"/>
  <system-out/>
  <testcase classname="com.assaignments.Assignment1" name="Create_Order" time="0.566"/>
  <system-out/>
  <testcase classname="com.assaignments.Assignment1" name="Create_Order" time="0.597"/>
  <system-out/>
</testsuite> <!-- com.assaignments.Assignment1 -->
