<?xml version="1.0" encoding="UTF-8"?>
<!-- Generated by org.testng.reporters.JUnitReportReporter -->
<testsuite hostname="EC2AMAZ-8KL45D2" failures="0" tests="4" name="com.assaignments.Assignment5" time="47.595" errors="0" timestamp="2024-10-03T03:35:47 UTC" skipped="0">
  <testcase classname="com.assaignments.Assignment5" name="main" time="15.438"/>
  <system-out/>
  <testcase classname="com.assaignments.Assignment5" name="main" time="16.064"/>
  <system-out/>
  <testcase classname="com.assaignments.Assignment5" name="main" time="16.026"/>
  <system-out/>
  <testcase classname="com.assaignments.Assignment5" name="CartTotal" time="0.067"/>
  <system-out/>
</testsuite> <!-- com.assaignments.Assignment5 -->
