<?xml version="1.0" encoding="UTF-8"?>
<!-- Generated by org.testng.reporters.JUnitReportReporter -->
<testsuite hostname="EC2AMAZ-8KL45D2" failures="0" tests="2" name="com.assaignments.Assignment4" time="21.063" errors="0" timestamp="2024-09-27T03:14:46 UTC" skipped="0">
  <testcase classname="com.assaignments.Assignment4" name="login" time="18.687"/>
  <system-out/>
  <testcase classname="com.assaignments.Assignment4" name="GoToShoppingCart" time="2.376"/>
  <system-out/>
</testsuite> <!-- com.assaignments.Assignment4 -->
