<?xml version="1.0" encoding="UTF-8"?>
<!-- Generated by org.testng.reporters.JUnitReportReporter -->
<testsuite hostname="EC2AMAZ-8KL45D2" failures="0" tests="5" name="com.WebOrder.WebOrder_Login_All_TCs_Example" time="2.424" errors="0" timestamp="2024-09-26T09:09:50 UTC" skipped="0">
  <testcase classname="com.WebOrder.WebOrder_Login_All_TCs_Example" name="login_to_app" time="1.115"/>
  <system-out/>
  <testcase classname="com.WebOrder.WebOrder_Login_All_TCs_Example" name="login_to_app" time="0.394"/>
  <system-out/>
  <testcase classname="com.WebOrder.WebOrder_Login_All_TCs_Example" name="login_to_app" time="0.300"/>
  <system-out/>
  <testcase classname="com.WebOrder.WebOrder_Login_All_TCs_Example" name="login_to_app" time="0.288"/>
  <system-out/>
  <testcase classname="com.WebOrder.WebOrder_Login_All_TCs_Example" name="login_to_app" time="0.327"/>
  <system-out/>
</testsuite> <!-- com.WebOrder.WebOrder_Login_All_TCs_Example -->
