<?xml version="1.0" encoding="UTF-8"?>
<!-- Generated by org.testng.reporters.JUnitReportReporter -->
<testsuite hostname="EC2AMAZ-8KL45D2" failures="0" tests="2" name="com.WebOrder.Weborder_CreateOrder" time="2.008" errors="0" timestamp="2024-09-23T10:10:15 UTC" skipped="0">
  <testcase classname="com.WebOrder.Weborder_CreateOrder" name="login_to_app" time="0.814"/>
  <system-out/>
  <testcase classname="com.WebOrder.Weborder_CreateOrder" name="create_Order" time="1.194"/>
  <system-out/>
</testsuite> <!-- com.WebOrder.Weborder_CreateOrder -->
