<?xml version="1.0" encoding="UTF-8"?>
<!-- Generated by org.testng.reporters.JUnitReportReporter -->
<testsuite hostname="EC2AMAZ-8KL45D2" failures="0" tests="3" name="com.WebOrder.CrossBrowser_Example_Using_BaseClass" time="9.024" errors="0" timestamp="2024-09-25T04:26:28 UTC" skipped="0">
  <testcase classname="com.WebOrder.CrossBrowser_Example_Using_BaseClass" name="login_to_app" time="2.225"/>
  <system-out/>
  <testcase classname="com.WebOrder.CrossBrowser_Example_Using_BaseClass" name="login_to_app" time="2.708"/>
  <system-out/>
  <testcase classname="com.WebOrder.CrossBrowser_Example_Using_BaseClass" name="login_to_app" time="4.091"/>
  <system-out/>
</testsuite> <!-- com.WebOrder.CrossBrowser_Example_Using_BaseClass -->
