<?xml version="1.0" encoding="UTF-8"?>
<!-- Generated by org.testng.reporters.JUnitReportReporter -->
<testsuite hostname="EC2AMAZ-8KL45D2" failures="0" tests="4" name="com.WebOrder.WebOrder_Login_DataDrivenTest" time="6.909" errors="0" timestamp="2024-09-24T04:44:52 UTC" skipped="0">
  <testcase classname="com.WebOrder.WebOrder_Login_DataDrivenTest" name="login" time="2.164"/>
  <system-out/>
  <testcase classname="com.WebOrder.WebOrder_Login_DataDrivenTest" name="login" time="1.728"/>
  <system-out/>
  <testcase classname="com.WebOrder.WebOrder_Login_DataDrivenTest" name="login" time="1.605"/>
  <system-out/>
  <testcase classname="com.WebOrder.WebOrder_Login_DataDrivenTest" name="login" time="1.412"/>
  <system-out/>
</testsuite> <!-- com.WebOrder.WebOrder_Login_DataDrivenTest -->
