<?xml version="1.0" encoding="UTF-8"?>
<!-- Generated by org.testng.reporters.JUnitReportReporter -->
<testsuite hostname="EC2AMAZ-8KL45D2" failures="0" tests="15" name="com.WebOrder.CrossBrowser_DataProvider_Example" time="10.392" errors="0" timestamp="2024-09-25T04:38:56 UTC" skipped="0">
  <testcase classname="com.WebOrder.CrossBrowser_DataProvider_Example" name="login_to_app" time="0.571"/>
  <system-out/>
  <testcase classname="com.WebOrder.CrossBrowser_DataProvider_Example" name="login_to_app" time="0.526"/>
  <system-out/>
  <testcase classname="com.WebOrder.CrossBrowser_DataProvider_Example" name="login_to_app" time="0.523"/>
  <system-out/>
  <testcase classname="com.WebOrder.CrossBrowser_DataProvider_Example" name="login_to_app" time="0.138"/>
  <system-out/>
  <testcase classname="com.WebOrder.CrossBrowser_DataProvider_Example" name="login_to_app" time="0.150"/>
  <system-out/>
  <testcase classname="com.WebOrder.CrossBrowser_DataProvider_Example" name="login_to_app" time="0.509"/>
  <system-out/>
  <testcase classname="com.WebOrder.CrossBrowser_DataProvider_Example" name="login_to_app" time="1.506"/>
  <system-out/>
  <testcase classname="com.WebOrder.CrossBrowser_DataProvider_Example" name="login_to_app" time="0.487"/>
  <system-out/>
  <testcase classname="com.WebOrder.CrossBrowser_DataProvider_Example" name="login_to_app" time="0.556"/>
  <system-out/>
  <testcase classname="com.WebOrder.CrossBrowser_DataProvider_Example" name="login_to_app" time="1.868"/>
  <system-out/>
  <testcase classname="com.WebOrder.CrossBrowser_DataProvider_Example" name="login_to_app" time="0.136"/>
  <system-out/>
  <testcase classname="com.WebOrder.CrossBrowser_DataProvider_Example" name="login_to_app" time="2.274"/>
  <system-out/>
  <testcase classname="com.WebOrder.CrossBrowser_DataProvider_Example" name="login_to_app" time="0.488"/>
  <system-out/>
  <testcase classname="com.WebOrder.CrossBrowser_DataProvider_Example" name="login_to_app" time="0.514"/>
  <system-out/>
  <testcase classname="com.WebOrder.CrossBrowser_DataProvider_Example" name="login_to_app" time="0.146"/>
  <system-out/>
</testsuite> <!-- com.WebOrder.CrossBrowser_DataProvider_Example -->
