<?xml version="1.0" encoding="UTF-8"?>
<!-- Generated by org.testng.reporters.JUnitReportReporter -->
<testsuite hostname="EC2AMAZ-8KL45D2" failures="0" tests="2" name="com.WebOrder.WebOrder_Login_Create_UniqueOrder" time="7.533" errors="0" timestamp="2024-09-24T03:51:11 UTC" skipped="0">
  <testcase classname="com.WebOrder.WebOrder_Login_Create_UniqueOrder" name="login_to_app" time="0.971"/>
  <system-out/>
  <testcase classname="com.WebOrder.WebOrder_Login_Create_UniqueOrder" name="create_Order" time="6.562"/>
  <system-out/>
</testsuite> <!-- com.WebOrder.WebOrder_Login_Create_UniqueOrder -->
