<?xml version="1.0" encoding="UTF-8"?>
<!-- Generated by org.testng.reporters.JUnitReportReporter -->
<testsuite hostname="EC2AMAZ-8KL45D2" failures="0" tests="15" name="com.WebOrder.WebOrder_Login_All_TCs_SwitchCase_Example" time="26.866" errors="0" timestamp="2024-09-26T09:09:50 UTC" skipped="0">
  <testcase classname="com.WebOrder.WebOrder_Login_All_TCs_SwitchCase_Example" name="create_order" time="1.719"/>
  <system-out/>
  <testcase classname="com.WebOrder.WebOrder_Login_All_TCs_SwitchCase_Example" name="create_order" time="2.183"/>
  <system-out/>
  <testcase classname="com.WebOrder.WebOrder_Login_All_TCs_SwitchCase_Example" name="create_order" time="1.828"/>
  <system-out/>
  <testcase classname="com.WebOrder.WebOrder_Login_All_TCs_SwitchCase_Example" name="create_order" time="1.814"/>
  <system-out/>
  <testcase classname="com.WebOrder.WebOrder_Login_All_TCs_SwitchCase_Example" name="create_order" time="1.435"/>
  <system-out/>
  <testcase classname="com.WebOrder.WebOrder_Login_All_TCs_SwitchCase_Example" name="create_order" time="1.630"/>
  <system-out/>
  <testcase classname="com.WebOrder.WebOrder_Login_All_TCs_SwitchCase_Example" name="create_order" time="1.623"/>
  <system-out/>
  <testcase classname="com.WebOrder.WebOrder_Login_All_TCs_SwitchCase_Example" name="create_order" time="1.546"/>
  <system-out/>
  <testcase classname="com.WebOrder.WebOrder_Login_All_TCs_SwitchCase_Example" name="create_order" time="1.690"/>
  <system-out/>
  <testcase classname="com.WebOrder.WebOrder_Login_All_TCs_SwitchCase_Example" name="create_order" time="2.422"/>
  <system-out/>
  <testcase classname="com.WebOrder.WebOrder_Login_All_TCs_SwitchCase_Example" name="create_order" time="1.604"/>
  <system-out/>
  <testcase classname="com.WebOrder.WebOrder_Login_All_TCs_SwitchCase_Example" name="create_order" time="1.871"/>
  <system-out/>
  <testcase classname="com.WebOrder.WebOrder_Login_All_TCs_SwitchCase_Example" name="create_order" time="1.635"/>
  <system-out/>
  <testcase classname="com.WebOrder.WebOrder_Login_All_TCs_SwitchCase_Example" name="create_order" time="2.101"/>
  <system-out/>
  <testcase classname="com.WebOrder.WebOrder_Login_All_TCs_SwitchCase_Example" name="create_order" time="1.765"/>
  <system-out/>
</testsuite> <!-- com.WebOrder.WebOrder_Login_All_TCs_SwitchCase_Example -->
