<?xml version="1.0" encoding="UTF-8"?>
<!-- Generated by org.testng.reporters.JUnitReportReporter -->
<testsuite hostname="EC2AMAZ-8KL45D2" failures="0" tests="7" name="com.WebOrder.WebOrder_Login_All_TCs_Scenerios" time="9.092" errors="0" timestamp="2024-09-24T06:52:54 UTC" skipped="0">
  <testcase classname="com.WebOrder.WebOrder_Login_All_TCs_Scenerios" name="Create_Order" time="1.483"/>
  <system-out/>
  <testcase classname="com.WebOrder.WebOrder_Login_All_TCs_Scenerios" name="Create_Order" time="1.311"/>
  <system-out/>
  <testcase classname="com.WebOrder.WebOrder_Login_All_TCs_Scenerios" name="Create_Order" time="1.295"/>
  <system-out/>
  <testcase classname="com.WebOrder.WebOrder_Login_All_TCs_Scenerios" name="Create_Order" time="1.255"/>
  <system-out/>
  <testcase classname="com.WebOrder.WebOrder_Login_All_TCs_Scenerios" name="Create_Order" time="1.314"/>
  <system-out/>
  <testcase classname="com.WebOrder.WebOrder_Login_All_TCs_Scenerios" name="Create_Order" time="1.201"/>
  <system-out/>
  <testcase classname="com.WebOrder.WebOrder_Login_All_TCs_Scenerios" name="Create_Order" time="1.233"/>
  <system-out/>
</testsuite> <!-- com.WebOrder.WebOrder_Login_All_TCs_Scenerios -->
