<?xml version="1.0" encoding="UTF-8"?>
<!-- Generated by org.testng.reporters.JUnitReportReporter -->
<testsuite hostname="EC2AMAZ-8KL45D2" failures="0" tests="5" name="com.WebOrder.WebOrder_Login_DataDrivenTest_using_Excel" time="5.204" errors="0" timestamp="2024-09-25T06:06:15 UTC" skipped="0">
  <testcase classname="com.WebOrder.WebOrder_Login_DataDrivenTest_using_Excel" name="login" time="1.346"/>
  <system-out/>
  <testcase classname="com.WebOrder.WebOrder_Login_DataDrivenTest_using_Excel" name="login" time="0.982"/>
  <system-out/>
  <testcase classname="com.WebOrder.WebOrder_Login_DataDrivenTest_using_Excel" name="login" time="0.903"/>
  <system-out/>
  <testcase classname="com.WebOrder.WebOrder_Login_DataDrivenTest_using_Excel" name="login" time="0.980"/>
  <system-out/>
  <testcase classname="com.WebOrder.WebOrder_Login_DataDrivenTest_using_Excel" name="login" time="0.993"/>
  <system-out/>
</testsuite> <!-- com.WebOrder.WebOrder_Login_DataDrivenTest_using_Excel -->
