<?xml version="1.0" encoding="UTF-8"?>
<!-- Generated by org.testng.reporters.JUnitReportReporter -->
<testsuite hostname="EC2AMAZ-8KL45D2" failures="0" tests="3" name="com.assaignments.Assignment6" time="8.638" errors="0" timestamp="2024-10-10T04:13:40 UTC" skipped="0">
  <testcase classname="com.assaignments.Assignment6" name="login_to_app" time="7.781"/>
  <system-out/>
  <testcase classname="com.assaignments.Assignment6" name="delete" time="0.026"/>
  <system-out/>
  <testcase classname="com.assaignments.Assignment6" name="testCreateNotes" time="0.831"/>
  <system-out/>
</testsuite> <!-- com.assaignments.Assignment6 -->
