<?xml version="1.0" encoding="UTF-8"?>
<!-- Generated by org.testng.reporters.JUnitReportReporter -->
<testsuite hostname="EC2AMAZ-8KL45D2" failures="0" tests="3" name="com.WebOrder.Assignment1" time="1.434" errors="0" timestamp="2024-09-24T11:09:44 UTC" skipped="0">
  <testcase classname="com.WebOrder.Assignment1" name="Create_Order" time="0.512"/>
  <system-out/>
  <testcase classname="com.WebOrder.Assignment1" name="Create_Order" time="0.422"/>
  <system-out/>
  <testcase classname="com.WebOrder.Assignment1" name="Create_Order" time="0.500"/>
  <system-out/>
</testsuite> <!-- com.WebOrder.Assignment1 -->
