<?xml version="1.0" encoding="UTF-8"?>
<!-- Generated by org.testng.reporters.JUnitReportReporter -->
<testsuite hostname="EC2AMAZ-8KL45D2" failures="0" tests="2" name="com.assaignments.Assignment3" time="19.654" errors="0" timestamp="2024-09-26T03:52:14 UTC" skipped="0">
  <testcase classname="com.assaignments.Assignment3" name="Donot_Enter_CustomerID" time="6.184"/>
  <system-out/>
  <testcase classname="com.assaignments.Assignment3" name="EnterCustomerID" time="13.470"/>
  <system-out/>
</testsuite> <!-- com.assaignments.Assignment3 -->
