<?xml version="1.0" encoding="UTF-8"?>
<!-- Generated by org.testng.reporters.JUnitReportReporter -->
<testsuite hostname="EC2AMAZ-8KL45D2" failures="0" tests="1" name="com.WebOrder.HeadlessBrowser_Example" time="5.392" errors="0" timestamp="2024-09-26T09:09:50 UTC" skipped="0">
  <testcase classname="com.WebOrder.HeadlessBrowser_Example" name="Firefox_Headless" time="5.392"/>
  <system-out/>
</testsuite> <!-- com.WebOrder.HeadlessBrowser_Example -->
